<?xml version="1.0" encoding="UTF-8"?>
<!-- Generated by org.testng.reporters.JUnitReportReporter -->
<testsuite hostname="MacBook-Pro.local" failures="0" tests="2" name="org.example.tests.LoginTest" time="9.286" errors="0" timestamp="2024-03-18T21:55:43 GET" skipped="0">
  <testcase classname="org.example.tests.LoginTest" name="loginWithLockedUser" time="5.066"/>
  <testcase classname="org.example.tests.LoginTest" name="loginWithWrongPassword" time="4.220"/>
</testsuite> <!-- org.example.tests.LoginTest -->
